Determining if the pthread_create exist failed with the following output:
Change Dir: /home/gardenia/openabe/deps/relic/tmpec-kS4o/CMakeFiles/CMakeTmp

Run Build Command:"/usr/bin/make" "cmTC_a6673/fast"
make[3]: Entering directory '/home/gardenia/openabe/deps/relic/tmpec-kS4o/CMakeFiles/CMakeTmp'
/usr/bin/make -f CMakeFiles/cmTC_a6673.dir/build.make CMakeFiles/cmTC_a6673.dir/build
make[4]: Entering directory '/home/gardenia/openabe/deps/relic/tmpec-kS4o/CMakeFiles/CMakeTmp'
Building C object CMakeFiles/cmTC_a6673.dir/CheckSymbolExists.c.o
/usr/bin/cc     -o CMakeFiles/cmTC_a6673.dir/CheckSymbolExists.c.o   -c /home/gardenia/openabe/deps/relic/tmpec-kS4o/CMakeFiles/CMakeTmp/CheckSymbolExists.c
Linking C executable cmTC_a6673
/usr/bin/cmake -E cmake_link_script CMakeFiles/cmTC_a6673.dir/link.txt --verbose=1
/usr/bin/cc       CMakeFiles/cmTC_a6673.dir/CheckSymbolExists.c.o  -o cmTC_a6673 -rdynamic 
CMakeFiles/cmTC_a6673.dir/CheckSymbolExists.c.o: In function `main':
CheckSymbolExists.c:(.text+0x16): undefined reference to `pthread_create'
collect2: error: ld returned 1 exit status
CMakeFiles/cmTC_a6673.dir/build.make:97: recipe for target 'cmTC_a6673' failed
make[4]: *** [cmTC_a6673] Error 1
make[4]: Leaving directory '/home/gardenia/openabe/deps/relic/tmpec-kS4o/CMakeFiles/CMakeTmp'
Makefile:126: recipe for target 'cmTC_a6673/fast' failed
make[3]: *** [cmTC_a6673/fast] Error 2
make[3]: Leaving directory '/home/gardenia/openabe/deps/relic/tmpec-kS4o/CMakeFiles/CMakeTmp'

File /home/gardenia/openabe/deps/relic/tmpec-kS4o/CMakeFiles/CMakeTmp/CheckSymbolExists.c:
/* */
#include <pthread.h>

int main(int argc, char** argv)
{
  (void)argv;
#ifndef pthread_create
  return ((int*)(&pthread_create))[argc];
#else
  (void)argc;
  return 0;
#endif
}

Determining if the function pthread_create exists in the pthreads failed with the following output:
Change Dir: /home/gardenia/openabe/deps/relic/tmpec-kS4o/CMakeFiles/CMakeTmp

Run Build Command:"/usr/bin/make" "cmTC_2cb0a/fast"
make[3]: Entering directory '/home/gardenia/openabe/deps/relic/tmpec-kS4o/CMakeFiles/CMakeTmp'
/usr/bin/make -f CMakeFiles/cmTC_2cb0a.dir/build.make CMakeFiles/cmTC_2cb0a.dir/build
make[4]: Entering directory '/home/gardenia/openabe/deps/relic/tmpec-kS4o/CMakeFiles/CMakeTmp'
Building C object CMakeFiles/cmTC_2cb0a.dir/CheckFunctionExists.c.o
/usr/bin/cc    -DCHECK_FUNCTION_EXISTS=pthread_create   -o CMakeFiles/cmTC_2cb0a.dir/CheckFunctionExists.c.o   -c /usr/share/cmake-3.5/Modules/CheckFunctionExists.c
Linking C executable cmTC_2cb0a
/usr/bin/cmake -E cmake_link_script CMakeFiles/cmTC_2cb0a.dir/link.txt --verbose=1
/usr/bin/cc   -DCHECK_FUNCTION_EXISTS=pthread_create    CMakeFiles/cmTC_2cb0a.dir/CheckFunctionExists.c.o  -o cmTC_2cb0a -rdynamic -lpthreads 
/usr/bin/ld: cannot find -lpthreads
collect2: error: ld returned 1 exit status
CMakeFiles/cmTC_2cb0a.dir/build.make:97: recipe for target 'cmTC_2cb0a' failed
make[4]: *** [cmTC_2cb0a] Error 1
make[4]: Leaving directory '/home/gardenia/openabe/deps/relic/tmpec-kS4o/CMakeFiles/CMakeTmp'
Makefile:126: recipe for target 'cmTC_2cb0a/fast' failed
make[3]: *** [cmTC_2cb0a/fast] Error 2
make[3]: Leaving directory '/home/gardenia/openabe/deps/relic/tmpec-kS4o/CMakeFiles/CMakeTmp'


