Determining if the pthread_create exist failed with the following output:
Change Dir: /home/gardenia/openabe/deps/relic/tmpbp-0MFV/CMakeFiles/CMakeTmp

Run Build Command:"/usr/bin/make" "cmTC_e2957/fast"
make[3]: Entering directory '/home/gardenia/openabe/deps/relic/tmpbp-0MFV/CMakeFiles/CMakeTmp'
/usr/bin/make -f CMakeFiles/cmTC_e2957.dir/build.make CMakeFiles/cmTC_e2957.dir/build
make[4]: Entering directory '/home/gardenia/openabe/deps/relic/tmpbp-0MFV/CMakeFiles/CMakeTmp'
Building C object CMakeFiles/cmTC_e2957.dir/CheckSymbolExists.c.o
/usr/bin/cc     -o CMakeFiles/cmTC_e2957.dir/CheckSymbolExists.c.o   -c /home/gardenia/openabe/deps/relic/tmpbp-0MFV/CMakeFiles/CMakeTmp/CheckSymbolExists.c
Linking C executable cmTC_e2957
/usr/bin/cmake -E cmake_link_script CMakeFiles/cmTC_e2957.dir/link.txt --verbose=1
/usr/bin/cc       CMakeFiles/cmTC_e2957.dir/CheckSymbolExists.c.o  -o cmTC_e2957 -rdynamic 
CMakeFiles/cmTC_e2957.dir/CheckSymbolExists.c.o: In function `main':
CheckSymbolExists.c:(.text+0x16): undefined reference to `pthread_create'
collect2: error: ld returned 1 exit status
CMakeFiles/cmTC_e2957.dir/build.make:97: recipe for target 'cmTC_e2957' failed
make[4]: *** [cmTC_e2957] Error 1
make[4]: Leaving directory '/home/gardenia/openabe/deps/relic/tmpbp-0MFV/CMakeFiles/CMakeTmp'
Makefile:126: recipe for target 'cmTC_e2957/fast' failed
make[3]: *** [cmTC_e2957/fast] Error 2
make[3]: Leaving directory '/home/gardenia/openabe/deps/relic/tmpbp-0MFV/CMakeFiles/CMakeTmp'

File /home/gardenia/openabe/deps/relic/tmpbp-0MFV/CMakeFiles/CMakeTmp/CheckSymbolExists.c:
/* */
#include <pthread.h>

int main(int argc, char** argv)
{
  (void)argv;
#ifndef pthread_create
  return ((int*)(&pthread_create))[argc];
#else
  (void)argc;
  return 0;
#endif
}

Determining if the function pthread_create exists in the pthreads failed with the following output:
Change Dir: /home/gardenia/openabe/deps/relic/tmpbp-0MFV/CMakeFiles/CMakeTmp

Run Build Command:"/usr/bin/make" "cmTC_865f0/fast"
make[3]: Entering directory '/home/gardenia/openabe/deps/relic/tmpbp-0MFV/CMakeFiles/CMakeTmp'
/usr/bin/make -f CMakeFiles/cmTC_865f0.dir/build.make CMakeFiles/cmTC_865f0.dir/build
make[4]: Entering directory '/home/gardenia/openabe/deps/relic/tmpbp-0MFV/CMakeFiles/CMakeTmp'
Building C object CMakeFiles/cmTC_865f0.dir/CheckFunctionExists.c.o
/usr/bin/cc    -DCHECK_FUNCTION_EXISTS=pthread_create   -o CMakeFiles/cmTC_865f0.dir/CheckFunctionExists.c.o   -c /usr/share/cmake-3.5/Modules/CheckFunctionExists.c
Linking C executable cmTC_865f0
/usr/bin/cmake -E cmake_link_script CMakeFiles/cmTC_865f0.dir/link.txt --verbose=1
/usr/bin/cc   -DCHECK_FUNCTION_EXISTS=pthread_create    CMakeFiles/cmTC_865f0.dir/CheckFunctionExists.c.o  -o cmTC_865f0 -rdynamic -lpthreads 
/usr/bin/ld: cannot find -lpthreads
collect2: error: ld returned 1 exit status
CMakeFiles/cmTC_865f0.dir/build.make:97: recipe for target 'cmTC_865f0' failed
make[4]: *** [cmTC_865f0] Error 1
make[4]: Leaving directory '/home/gardenia/openabe/deps/relic/tmpbp-0MFV/CMakeFiles/CMakeTmp'
Makefile:126: recipe for target 'cmTC_865f0/fast' failed
make[3]: *** [cmTC_865f0/fast] Error 2
make[3]: Leaving directory '/home/gardenia/openabe/deps/relic/tmpbp-0MFV/CMakeFiles/CMakeTmp'


