Determining if the pthread_create exist failed with the following output:
Change Dir: /home/gardenia/openabe/deps/relic/tmpbp-Xwpc/CMakeFiles/CMakeTmp

Run Build Command:"/usr/bin/make" "cmTC_7b41d/fast"
make[3]: Entering directory '/home/gardenia/openabe/deps/relic/tmpbp-Xwpc/CMakeFiles/CMakeTmp'
/usr/bin/make -f CMakeFiles/cmTC_7b41d.dir/build.make CMakeFiles/cmTC_7b41d.dir/build
make[4]: Entering directory '/home/gardenia/openabe/deps/relic/tmpbp-Xwpc/CMakeFiles/CMakeTmp'
Building C object CMakeFiles/cmTC_7b41d.dir/CheckSymbolExists.c.o
/usr/bin/cc     -o CMakeFiles/cmTC_7b41d.dir/CheckSymbolExists.c.o   -c /home/gardenia/openabe/deps/relic/tmpbp-Xwpc/CMakeFiles/CMakeTmp/CheckSymbolExists.c
Linking C executable cmTC_7b41d
/usr/bin/cmake -E cmake_link_script CMakeFiles/cmTC_7b41d.dir/link.txt --verbose=1
/usr/bin/cc       CMakeFiles/cmTC_7b41d.dir/CheckSymbolExists.c.o  -o cmTC_7b41d -rdynamic 
CMakeFiles/cmTC_7b41d.dir/CheckSymbolExists.c.o: In function `main':
CheckSymbolExists.c:(.text+0x16): undefined reference to `pthread_create'
collect2: error: ld returned 1 exit status
CMakeFiles/cmTC_7b41d.dir/build.make:97: recipe for target 'cmTC_7b41d' failed
make[4]: *** [cmTC_7b41d] Error 1
make[4]: Leaving directory '/home/gardenia/openabe/deps/relic/tmpbp-Xwpc/CMakeFiles/CMakeTmp'
Makefile:126: recipe for target 'cmTC_7b41d/fast' failed
make[3]: *** [cmTC_7b41d/fast] Error 2
make[3]: Leaving directory '/home/gardenia/openabe/deps/relic/tmpbp-Xwpc/CMakeFiles/CMakeTmp'

File /home/gardenia/openabe/deps/relic/tmpbp-Xwpc/CMakeFiles/CMakeTmp/CheckSymbolExists.c:
/* */
#include <pthread.h>

int main(int argc, char** argv)
{
  (void)argv;
#ifndef pthread_create
  return ((int*)(&pthread_create))[argc];
#else
  (void)argc;
  return 0;
#endif
}

Determining if the function pthread_create exists in the pthreads failed with the following output:
Change Dir: /home/gardenia/openabe/deps/relic/tmpbp-Xwpc/CMakeFiles/CMakeTmp

Run Build Command:"/usr/bin/make" "cmTC_6749b/fast"
make[3]: Entering directory '/home/gardenia/openabe/deps/relic/tmpbp-Xwpc/CMakeFiles/CMakeTmp'
/usr/bin/make -f CMakeFiles/cmTC_6749b.dir/build.make CMakeFiles/cmTC_6749b.dir/build
make[4]: Entering directory '/home/gardenia/openabe/deps/relic/tmpbp-Xwpc/CMakeFiles/CMakeTmp'
Building C object CMakeFiles/cmTC_6749b.dir/CheckFunctionExists.c.o
/usr/bin/cc    -DCHECK_FUNCTION_EXISTS=pthread_create   -o CMakeFiles/cmTC_6749b.dir/CheckFunctionExists.c.o   -c /usr/share/cmake-3.5/Modules/CheckFunctionExists.c
Linking C executable cmTC_6749b
/usr/bin/cmake -E cmake_link_script CMakeFiles/cmTC_6749b.dir/link.txt --verbose=1
/usr/bin/cc   -DCHECK_FUNCTION_EXISTS=pthread_create    CMakeFiles/cmTC_6749b.dir/CheckFunctionExists.c.o  -o cmTC_6749b -rdynamic -lpthreads 
/usr/bin/ld: cannot find -lpthreads
collect2: error: ld returned 1 exit status
CMakeFiles/cmTC_6749b.dir/build.make:97: recipe for target 'cmTC_6749b' failed
make[4]: *** [cmTC_6749b] Error 1
make[4]: Leaving directory '/home/gardenia/openabe/deps/relic/tmpbp-Xwpc/CMakeFiles/CMakeTmp'
Makefile:126: recipe for target 'cmTC_6749b/fast' failed
make[3]: *** [cmTC_6749b/fast] Error 2
make[3]: Leaving directory '/home/gardenia/openabe/deps/relic/tmpbp-Xwpc/CMakeFiles/CMakeTmp'


