Determining if the pthread_create exist failed with the following output:
Change Dir: /home/gardenia/openabe/deps/relic/tmpec-9O5B/CMakeFiles/CMakeTmp

Run Build Command:"/usr/bin/make" "cmTC_bde5b/fast"
make[3]: Entering directory '/home/gardenia/openabe/deps/relic/tmpec-9O5B/CMakeFiles/CMakeTmp'
/usr/bin/make -f CMakeFiles/cmTC_bde5b.dir/build.make CMakeFiles/cmTC_bde5b.dir/build
make[4]: Entering directory '/home/gardenia/openabe/deps/relic/tmpec-9O5B/CMakeFiles/CMakeTmp'
Building C object CMakeFiles/cmTC_bde5b.dir/CheckSymbolExists.c.o
/usr/bin/cc     -o CMakeFiles/cmTC_bde5b.dir/CheckSymbolExists.c.o   -c /home/gardenia/openabe/deps/relic/tmpec-9O5B/CMakeFiles/CMakeTmp/CheckSymbolExists.c
Linking C executable cmTC_bde5b
/usr/bin/cmake -E cmake_link_script CMakeFiles/cmTC_bde5b.dir/link.txt --verbose=1
/usr/bin/cc       CMakeFiles/cmTC_bde5b.dir/CheckSymbolExists.c.o  -o cmTC_bde5b -rdynamic 
CMakeFiles/cmTC_bde5b.dir/CheckSymbolExists.c.o: In function `main':
CheckSymbolExists.c:(.text+0x16): undefined reference to `pthread_create'
collect2: error: ld returned 1 exit status
CMakeFiles/cmTC_bde5b.dir/build.make:97: recipe for target 'cmTC_bde5b' failed
make[4]: *** [cmTC_bde5b] Error 1
make[4]: Leaving directory '/home/gardenia/openabe/deps/relic/tmpec-9O5B/CMakeFiles/CMakeTmp'
Makefile:126: recipe for target 'cmTC_bde5b/fast' failed
make[3]: *** [cmTC_bde5b/fast] Error 2
make[3]: Leaving directory '/home/gardenia/openabe/deps/relic/tmpec-9O5B/CMakeFiles/CMakeTmp'

File /home/gardenia/openabe/deps/relic/tmpec-9O5B/CMakeFiles/CMakeTmp/CheckSymbolExists.c:
/* */
#include <pthread.h>

int main(int argc, char** argv)
{
  (void)argv;
#ifndef pthread_create
  return ((int*)(&pthread_create))[argc];
#else
  (void)argc;
  return 0;
#endif
}

Determining if the function pthread_create exists in the pthreads failed with the following output:
Change Dir: /home/gardenia/openabe/deps/relic/tmpec-9O5B/CMakeFiles/CMakeTmp

Run Build Command:"/usr/bin/make" "cmTC_278e3/fast"
make[3]: Entering directory '/home/gardenia/openabe/deps/relic/tmpec-9O5B/CMakeFiles/CMakeTmp'
/usr/bin/make -f CMakeFiles/cmTC_278e3.dir/build.make CMakeFiles/cmTC_278e3.dir/build
make[4]: Entering directory '/home/gardenia/openabe/deps/relic/tmpec-9O5B/CMakeFiles/CMakeTmp'
Building C object CMakeFiles/cmTC_278e3.dir/CheckFunctionExists.c.o
/usr/bin/cc    -DCHECK_FUNCTION_EXISTS=pthread_create   -o CMakeFiles/cmTC_278e3.dir/CheckFunctionExists.c.o   -c /usr/share/cmake-3.5/Modules/CheckFunctionExists.c
Linking C executable cmTC_278e3
/usr/bin/cmake -E cmake_link_script CMakeFiles/cmTC_278e3.dir/link.txt --verbose=1
/usr/bin/cc   -DCHECK_FUNCTION_EXISTS=pthread_create    CMakeFiles/cmTC_278e3.dir/CheckFunctionExists.c.o  -o cmTC_278e3 -rdynamic -lpthreads 
/usr/bin/ld: cannot find -lpthreads
collect2: error: ld returned 1 exit status
CMakeFiles/cmTC_278e3.dir/build.make:97: recipe for target 'cmTC_278e3' failed
make[4]: *** [cmTC_278e3] Error 1
make[4]: Leaving directory '/home/gardenia/openabe/deps/relic/tmpec-9O5B/CMakeFiles/CMakeTmp'
Makefile:126: recipe for target 'cmTC_278e3/fast' failed
make[3]: *** [cmTC_278e3/fast] Error 2
make[3]: Leaving directory '/home/gardenia/openabe/deps/relic/tmpec-9O5B/CMakeFiles/CMakeTmp'


